[0m19:28:14.456617 [debug] [MainThread]: Sending event: {'category': 'dbt', 'action': 'invocation', 'label': 'start', 'context': [<snowplow_tracker.self_describing_json.SelfDescribingJson object at 0x1048f36d0>, <snowplow_tracker.self_describing_json.SelfDescribingJson object at 0x1070257b0>, <snowplow_tracker.self_describing_json.SelfDescribingJson object at 0x1070256f0>]}


============================== 19:28:14.460166 | e6f240c5-49f0-4f50-9138-7d22cd992731 ==============================
[0m19:28:14.460166 [info ] [MainThread]: Running with dbt=1.7.14
[0m19:28:14.460565 [debug] [MainThread]: running dbt with arguments {'printer_width': '80', 'indirect_selection': 'eager', 'write_json': 'True', 'log_cache_events': 'False', 'partial_parse': 'True', 'cache_selected_only': 'False', 'warn_error': 'None', 'debug': 'False', 'fail_fast': 'False', 'log_path': 'logs', 'version_check': 'True', 'profiles_dir': '/Users/jpurrutia/.dbt', 'use_colors': 'True', 'use_experimental_parser': 'False', 'no_print': 'None', 'quiet': 'False', 'warn_error_options': 'WarnErrorOptions(include=[], exclude=[])', 'static_parser': 'True', 'invocation_command': 'dbt init', 'introspect': 'True', 'target_path': 'None', 'log_format': 'default', 'send_anonymous_usage_stats': 'True'}
[0m19:28:14.460980 [warn ] [MainThread]: [ConfigFolderDirectory]: Unable to parse dict {'dir': PosixPath('/Users/jpurrutia/.dbt')}
[0m19:28:14.461203 [info ] [MainThread]: Creating dbt configuration folder at 
[0m19:28:29.014956 [debug] [MainThread]: Starter project path: /Users/jpurrutia/projects/de-testing/dbt-core-tutorial/env/lib/python3.10/site-packages/dbt/include/starter_project
[0m19:28:29.022010 [info ] [MainThread]: 
Your new dbt project "nyc_parking_violations" was created!

For more information on how to configure the profiles.yml file,
please consult the dbt documentation here:

  https://docs.getdbt.com/docs/configure-your-profile

One more thing:

Need help? Don't hesitate to reach out to us via GitHub issues or on Slack:

  https://community.getdbt.com/

Happy modeling!

[0m19:28:29.022562 [info ] [MainThread]: Setting up your profile.
[0m19:28:37.751739 [info ] [MainThread]: Profile nyc_parking_violations written to /Users/jpurrutia/.dbt/profiles.yml using target's sample configuration. Once updated, you'll be able to start developing with dbt.
[0m19:28:37.752753 [debug] [MainThread]: Resource report: {"command_name": "init", "command_success": true, "command_wall_clock_time": 23.33596, "process_user_time": 1.092837, "process_kernel_time": 0.1552, "process_mem_max_rss": "100040704", "process_in_blocks": "0", "process_out_blocks": "0"}
[0m19:28:37.753240 [debug] [MainThread]: Command `dbt init` succeeded at 19:28:37.753114 after 23.34 seconds
[0m19:28:37.753568 [debug] [MainThread]: Sending event: {'category': 'dbt', 'action': 'invocation', 'label': 'end', 'context': [<snowplow_tracker.self_describing_json.SelfDescribingJson object at 0x1048f36d0>, <snowplow_tracker.self_describing_json.SelfDescribingJson object at 0x1070279a0>, <snowplow_tracker.self_describing_json.SelfDescribingJson object at 0x107025fc0>]}
[0m19:28:37.753907 [debug] [MainThread]: Flushing usage events
[0m19:38:16.871483 [debug] [MainThread]: Sending event: {'category': 'dbt', 'action': 'invocation', 'label': 'start', 'context': [<snowplow_tracker.self_describing_json.SelfDescribingJson object at 0x10759f5e0>, <snowplow_tracker.self_describing_json.SelfDescribingJson object at 0x111e25870>, <snowplow_tracker.self_describing_json.SelfDescribingJson object at 0x111e257b0>]}


============================== 19:38:16.874652 | 09b7a200-4728-4be3-85f6-aa995af282d9 ==============================
[0m19:38:16.874652 [info ] [MainThread]: Running with dbt=1.7.14
[0m19:38:16.875023 [debug] [MainThread]: running dbt with arguments {'printer_width': '80', 'indirect_selection': 'eager', 'log_cache_events': 'False', 'write_json': 'True', 'partial_parse': 'True', 'cache_selected_only': 'False', 'profiles_dir': '/Users/jpurrutia/.dbt', 'fail_fast': 'False', 'version_check': 'True', 'log_path': 'logs', 'debug': 'False', 'warn_error': 'None', 'use_colors': 'True', 'use_experimental_parser': 'False', 'no_print': 'None', 'quiet': 'False', 'log_format': 'default', 'introspect': 'True', 'warn_error_options': 'WarnErrorOptions(include=[], exclude=[])', 'static_parser': 'True', 'target_path': 'None', 'invocation_command': 'dbt debug', 'send_anonymous_usage_stats': 'True'}
[0m19:38:16.875493 [info ] [MainThread]: dbt version: 1.7.14
[0m19:38:16.875703 [info ] [MainThread]: python version: 3.10.4
[0m19:38:16.875899 [info ] [MainThread]: python path: /Users/jpurrutia/projects/de-testing/dbt-core-tutorial/env/bin/python3
[0m19:38:16.876095 [info ] [MainThread]: os info: macOS-12.5.1-arm64-arm-64bit
[0m19:38:16.938915 [info ] [MainThread]: Using profiles dir at /Users/jpurrutia/.dbt
[0m19:38:16.939286 [info ] [MainThread]: Using profiles.yml file at /Users/jpurrutia/.dbt/profiles.yml
[0m19:38:16.939501 [info ] [MainThread]: Using dbt_project.yml file at /Users/jpurrutia/projects/de-testing/dbt-core-tutorial/dbt_project.yml
[0m19:38:16.939895 [info ] [MainThread]: adapter type: duckdb
[0m19:38:16.940098 [info ] [MainThread]: adapter version: 1.7.4
[0m19:38:16.940298 [info ] [MainThread]: Configuration:
[0m19:38:16.940484 [info ] [MainThread]:   profiles.yml file [[32mOK found and valid[0m]
[0m19:38:16.940670 [info ] [MainThread]:   dbt_project.yml file [[31mERROR not found[0m]
[0m19:38:16.940858 [info ] [MainThread]: Required dependencies:
[0m19:38:16.941082 [debug] [MainThread]: Executing "git --help"
[0m19:38:16.958761 [debug] [MainThread]: STDOUT: "b"usage: git [-v | --version] [-h | --help] [-C <path>] [-c <name>=<value>]\n           [--exec-path[=<path>]] [--html-path] [--man-path] [--info-path]\n           [-p | --paginate | -P | --no-pager] [--no-replace-objects] [--bare]\n           [--git-dir=<path>] [--work-tree=<path>] [--namespace=<name>]\n           [--super-prefix=<path>] [--config-env=<name>=<envvar>]\n           <command> [<args>]\n\nThese are common Git commands used in various situations:\n\nstart a working area (see also: git help tutorial)\n   clone     Clone a repository into a new directory\n   init      Create an empty Git repository or reinitialize an existing one\n\nwork on the current change (see also: git help everyday)\n   add       Add file contents to the index\n   mv        Move or rename a file, a directory, or a symlink\n   restore   Restore working tree files\n   rm        Remove files from the working tree and from the index\n\nexamine the history and state (see also: git help revisions)\n   bisect    Use binary search to find the commit that introduced a bug\n   diff      Show changes between commits, commit and working tree, etc\n   grep      Print lines matching a pattern\n   log       Show commit logs\n   show      Show various types of objects\n   status    Show the working tree status\n\ngrow, mark and tweak your common history\n   branch    List, create, or delete branches\n   commit    Record changes to the repository\n   merge     Join two or more development histories together\n   rebase    Reapply commits on top of another base tip\n   reset     Reset current HEAD to the specified state\n   switch    Switch branches\n   tag       Create, list, delete or verify a tag object signed with GPG\n\ncollaborate (see also: git help workflows)\n   fetch     Download objects and refs from another repository\n   pull      Fetch from and integrate with another repository or a local branch\n   push      Update remote refs along with associated objects\n\n'git help -a' and 'git help -g' list available subcommands and some\nconcept guides. See 'git help <command>' or 'git help <concept>'\nto read about a specific subcommand or concept.\nSee 'git help git' for an overview of the system.\n""
[0m19:38:16.959539 [debug] [MainThread]: STDERR: "b''"
[0m19:38:16.959808 [info ] [MainThread]:  - git [[32mOK found[0m]

[0m19:38:16.960056 [info ] [MainThread]: Connection:
[0m19:38:16.960291 [info ] [MainThread]:   database: dev
[0m19:38:16.960502 [info ] [MainThread]:   schema: main
[0m19:38:16.960709 [info ] [MainThread]:   path: dev.duckdb
[0m19:38:16.960898 [info ] [MainThread]:   config_options: None
[0m19:38:16.961090 [info ] [MainThread]:   extensions: None
[0m19:38:16.961281 [info ] [MainThread]:   settings: None
[0m19:38:16.961470 [info ] [MainThread]:   external_root: .
[0m19:38:16.961667 [info ] [MainThread]:   use_credential_provider: None
[0m19:38:16.961936 [info ] [MainThread]:   attach: None
[0m19:38:16.962210 [info ] [MainThread]:   filesystems: None
[0m19:38:16.962433 [info ] [MainThread]:   remote: None
[0m19:38:16.962635 [info ] [MainThread]:   plugins: None
[0m19:38:16.962849 [info ] [MainThread]:   disable_transactions: False
[0m19:38:16.963335 [info ] [MainThread]: Registered adapter: duckdb=1.7.4
[0m19:38:16.967966 [debug] [MainThread]: Acquiring new duckdb connection 'debug'
[0m19:38:16.968621 [debug] [MainThread]: Using duckdb connection "debug"
[0m19:38:16.968841 [debug] [MainThread]: On debug: select 1 as id
[0m19:38:16.969275 [debug] [MainThread]: Opening a new connection, currently in state init
[0m19:38:16.976128 [debug] [MainThread]: SQL status: OK in 0.0 seconds
[0m19:38:16.978665 [debug] [MainThread]: On debug: Close
[0m19:38:16.979812 [info ] [MainThread]:   Connection test: [[32mOK connection ok[0m]

[0m19:38:16.980089 [info ] [MainThread]: [31m1 check failed:[0m
[0m19:38:16.980302 [info ] [MainThread]: Project loading failed for the following reason:
 project path </Users/jpurrutia/projects/de-testing/dbt-core-tutorial/dbt_project.yml> not found

[0m19:38:16.981062 [debug] [MainThread]: Resource report: {"command_name": "debug", "command_wall_clock_time": 0.14429933, "process_user_time": 1.077984, "process_kernel_time": 0.108577, "process_mem_max_rss": "118734848", "command_success": false, "process_in_blocks": "0", "process_out_blocks": "0"}
[0m19:38:16.981478 [debug] [MainThread]: Command `dbt debug` failed at 19:38:16.981392 after 0.14 seconds
[0m19:38:16.981725 [debug] [MainThread]: Connection 'debug' was properly closed.
[0m19:38:16.981970 [debug] [MainThread]: Sending event: {'category': 'dbt', 'action': 'invocation', 'label': 'end', 'context': [<snowplow_tracker.self_describing_json.SelfDescribingJson object at 0x10759f5e0>, <snowplow_tracker.self_describing_json.SelfDescribingJson object at 0x111effa90>, <snowplow_tracker.self_describing_json.SelfDescribingJson object at 0x111efc5b0>]}
[0m19:38:16.982256 [debug] [MainThread]: Flushing usage events
